android/app/build/intermediates/manifest_merge_blame_file/debug/manifest-merger-blame-debug-report.txt
1<?xml version="1.0" encoding="utf-8"?>
2<manifest xmlns:android="http://schemas.android.com/apk/res/android"
3    package="com.citytouchapp"
4    android:versionCode="1"
5    android:versionName="1.0" >
6
7    <uses-sdk
8        android:minSdkVersion="21"
9        android:targetSdkVersion="30" />
10
11    <uses-permission android:name="android.permission.SYSTEM_ALERT_WINDOW" />
11-->src\debug\AndroidManifest.xml:5:5-77
11-->src\debug\AndroidManifest.xml:5:22-75
12    <uses-permission android:name="android.permission.INTERNET" />
12-->src\main\AndroidManifest.xml:4:5-66
12-->src\main\AndroidManifest.xml:4:22-64
13    <uses-permission android:name="android.permission.USE_FINGERPRINT" />
13-->src\main\AndroidManifest.xml:5:5-73
13-->src\main\AndroidManifest.xml:5:22-71
14    <uses-permission android:name="android.permission.USE_FINGERPRINT" />
14-->src\main\AndroidManifest.xml:5:5-73
14-->src\main\AndroidManifest.xml:5:22-71
15    <uses-permission android:name="android.permission.ACCESS_WIFI_STATE" />
15-->src\main\AndroidManifest.xml:7:5-75
15-->src\main\AndroidManifest.xml:7:22-73
16    <uses-permission android:name="android.permission.WRITE_EXTERNAL_STORAGE" />
16-->src\main\AndroidManifest.xml:8:5-80
16-->src\main\AndroidManifest.xml:8:22-78
17    <uses-permission android:name="android.permission.USE_BIOMETRIC" />
17-->[:react-native-fingerprint-scanner] AndroidManifest.xml:12:5-72
17-->[:react-native-fingerprint-scanner] AndroidManifest.xml:12:22-69
18    <uses-permission android:name="com.fingerprints.service.ACCESS_FINGERPRINT_MANAGER" />
18-->[:react-native-fingerprint-scanner] AndroidManifest.xml:13:5-91
18-->[:react-native-fingerprint-scanner] AndroidManifest.xml:13:22-88
19    <uses-permission android:name="com.samsung.android.providers.context.permission.WRITE_USE_APP_FEATURE_SURVEY" />
19-->[:react-native-fingerprint-scanner] AndroidManifest.xml:14:5-117
19-->[:react-native-fingerprint-scanner] AndroidManifest.xml:14:22-114
20    <uses-permission android:name="android.permission.READ_PHONE_STATE" /> <!-- Required to access Google Play Licensing -->
20-->[:react-native-imei] AndroidManifest.xml:11:5-75
20-->[:react-native-imei] AndroidManifest.xml:11:22-72
21    <uses-permission android:name="com.android.vending.CHECK_LICENSE" />
21-->[:rn-fetch-blob] AndroidManifest.xml:12:5-73
21-->[:rn-fetch-blob] AndroidManifest.xml:12:22-70
22    <!--
23         Required to keep CPU alive while downloading files
24        (NOT to keep screen awake)
25    -->
26    <uses-permission android:name="android.permission.WAKE_LOCK" />
26-->[:rn-fetch-blob] AndroidManifest.xml:21:5-68
26-->[:rn-fetch-blob] AndroidManifest.xml:21:22-65
27    <!--
28         Required to poll the state of the network connection
29        and respond to changes
30    -->
31    <uses-permission android:name="android.permission.ACCESS_NETWORK_STATE" /> <!-- Required by older versions of Google Play services to create IID tokens -->
31-->[:rn-fetch-blob] AndroidManifest.xml:27:5-79
31-->[:rn-fetch-blob] AndroidManifest.xml:27:22-76
32    <uses-permission android:name="com.google.android.c2dm.permission.RECEIVE" />
32-->[com.google.android.gms:play-services-iid:17.0.0] AndroidManifest.xml:23:5-82
32-->[com.google.android.gms:play-services-iid:17.0.0] AndroidManifest.xml:23:22-79
33    <uses-permission android:name="com.google.android.finsky.permission.BIND_GET_INSTALL_REFERRER_SERVICE" />
33-->[com.android.installreferrer:installreferrer:1.1.2] AndroidManifest.xml:9:5-110
33-->[com.android.installreferrer:installreferrer:1.1.2] AndroidManifest.xml:9:22-107
34
35    <application
35-->src\main\AndroidManifest.xml:10:5-29:19
36        android:name="com.citytouchapp.MainApplication"
36-->src\main\AndroidManifest.xml:11:13-44
37        android:allowBackup="false"
37-->src\main\AndroidManifest.xml:14:13-40
38        android:appComponentFactory="androidx.core.app.CoreComponentFactory"
38-->[androidx.core:core:1.3.2] AndroidManifest.xml:24:18-86
39        android:debuggable="true"
40        android:icon="@mipmap/ic_launcher"
40-->src\main\AndroidManifest.xml:13:13-47
41        android:label="@string/app_name"
41-->src\main\AndroidManifest.xml:12:13-45
42        android:theme="@style/AppTheme"
42-->src\main\AndroidManifest.xml:15:13-44
43        android:usesCleartextTraffic="true" >
43-->src\debug\AndroidManifest.xml:7:18-53
44        <activity
44-->src\main\AndroidManifest.xml:16:9-27:20
45            android:name="com.citytouchapp.MainActivity"
45-->src\main\AndroidManifest.xml:17:17-45
46            android:configChanges="keyboard|keyboardHidden|orientation|screenSize|uiMode"
46-->src\main\AndroidManifest.xml:19:17-94
47            android:label="@string/app_name"
47-->src\main\AndroidManifest.xml:18:17-49
48            android:launchMode="singleTask"
48-->src\main\AndroidManifest.xml:20:17-48
49            android:screenOrientation="portrait"
49-->src\main\AndroidManifest.xml:21:17-53
50            android:windowSoftInputMode="adjustResize" >
50-->src\main\AndroidManifest.xml:22:17-59
51            <intent-filter>
51-->src\main\AndroidManifest.xml:23:13-26:29
52                <action android:name="android.intent.action.MAIN" />
52-->src\main\AndroidManifest.xml:24:17-68
52-->src\main\AndroidManifest.xml:24:25-66
53
54                <category android:name="android.intent.category.LAUNCHER" />
54-->src\main\AndroidManifest.xml:25:17-76
54-->src\main\AndroidManifest.xml:25:27-74
55            </intent-filter>
56        </activity>
57        <activity android:name="com.facebook.react.devsupport.DevSettingsActivity" />
57-->src\main\AndroidManifest.xml:28:9-85
57-->src\main\AndroidManifest.xml:28:19-83
58
59        <provider
59-->[:react-native-image-picker] AndroidManifest.xml:12:9-20:20
60            android:name="com.imagepicker.ImagePickerProvider"
60-->[:react-native-image-picker] AndroidManifest.xml:13:13-63
61            android:authorities="com.citytouchapp.imagepickerprovider"
61-->[:react-native-image-picker] AndroidManifest.xml:14:13-71
62            android:exported="false"
62-->[:react-native-image-picker] AndroidManifest.xml:15:13-37
63            android:grantUriPermissions="true" >
63-->[:react-native-image-picker] AndroidManifest.xml:16:13-47
64            <meta-data
64-->[:react-native-image-picker] AndroidManifest.xml:17:13-19:70
65                android:name="android.support.FILE_PROVIDER_PATHS"
65-->[:react-native-image-picker] AndroidManifest.xml:18:17-67
66                android:resource="@xml/imagepicker_provider_paths" />
66-->[:react-native-image-picker] AndroidManifest.xml:19:17-67
67        </provider>
68        <provider
68-->[:react-native-webview] AndroidManifest.xml:12:9-20:20
69            android:name="com.reactnativecommunity.webview.RNCWebViewFileProvider"
69-->[:react-native-webview] AndroidManifest.xml:13:13-83
70            android:authorities="com.citytouchapp.fileprovider"
70-->[:react-native-webview] AndroidManifest.xml:14:13-64
71            android:exported="false"
71-->[:react-native-webview] AndroidManifest.xml:15:13-37
72            android:grantUriPermissions="true" >
72-->[:react-native-webview] AndroidManifest.xml:16:13-47
73            <meta-data
73-->[:react-native-image-picker] AndroidManifest.xml:17:13-19:70
74                android:name="android.support.FILE_PROVIDER_PATHS"
74-->[:react-native-image-picker] AndroidManifest.xml:18:17-67
75                android:resource="@xml/file_provider_paths" />
75-->[:react-native-image-picker] AndroidManifest.xml:19:17-67
76        </provider>
77        <provider
77-->[:rn-fetch-blob] AndroidManifest.xml:36:9-44:20
78            android:name="com.RNFetchBlob.Utils.FileProvider"
78-->[:rn-fetch-blob] AndroidManifest.xml:37:13-62
79            android:authorities="com.citytouchapp.provider"
79-->[:rn-fetch-blob] AndroidManifest.xml:38:13-60
80            android:exported="false"
80-->[:rn-fetch-blob] AndroidManifest.xml:39:13-37
81            android:grantUriPermissions="true" >
81-->[:rn-fetch-blob] AndroidManifest.xml:40:13-47
82            <meta-data
82-->[:react-native-image-picker] AndroidManifest.xml:17:13-19:70
83                android:name="android.support.FILE_PROVIDER_PATHS"
83-->[:react-native-image-picker] AndroidManifest.xml:18:17-67
84                android:resource="@xml/provider_paths" />
84-->[:react-native-image-picker] AndroidManifest.xml:19:17-67
85        </provider>
86
87        <activity
87-->[androidx.biometric:biometric:1.0.1] AndroidManifest.xml:28:9-31:67
88            android:name="androidx.biometric.DeviceCredentialHandlerActivity"
88-->[androidx.biometric:biometric:1.0.1] AndroidManifest.xml:29:13-78
89            android:exported="true"
89-->[androidx.biometric:biometric:1.0.1] AndroidManifest.xml:30:13-36
90            android:theme="@style/DeviceCredentialHandlerTheme" />
90-->[androidx.biometric:biometric:1.0.1] AndroidManifest.xml:31:13-64
91        <activity
91-->[com.google.android.gms:play-services-base:17.0.0] AndroidManifest.xml:23:9-26:75
92            android:name="com.google.android.gms.common.api.GoogleApiActivity"
92-->[com.google.android.gms:play-services-base:17.0.0] AndroidManifest.xml:24:13-79
93            android:exported="false"
93-->[com.google.android.gms:play-services-base:17.0.0] AndroidManifest.xml:25:13-37
94            android:theme="@android:style/Theme.Translucent.NoTitleBar" />
94-->[com.google.android.gms:play-services-base:17.0.0] AndroidManifest.xml:26:13-72
95
96        <meta-data
96-->[com.google.android.gms:play-services-basement:17.0.0] AndroidManifest.xml:23:9-25:69
97            android:name="com.google.android.gms.version"
97-->[com.google.android.gms:play-services-basement:17.0.0] AndroidManifest.xml:24:13-58
98            android:value="@integer/google_play_services_version" />
98-->[com.google.android.gms:play-services-basement:17.0.0] AndroidManifest.xml:25:13-66
99    </application>
100
101</manifest>